0 info it worked if it ends with ok
1 verbose cli [ 'C:\\Program Files (x86)\\nodejs\\\\node.exe',
1 verbose cli   'C:\\Program Files (x86)\\nodejs\\node_modules\\npm\\bin\\npm-cli.js',
1 verbose cli   'install',
1 verbose cli   'socket.io',
1 verbose cli   '-save' ]
2 info using npm@1.1.37
3 info using node@v0.6.20
4 verbose node symlink C:\Program Files (x86)\nodejs\\node.exe
5 verbose config file C:\Users\ainu\.npmrc
6 verbose config file C:\Program Files (x86)\nodejs\etc\npmrc
7 verbose config file C:\Program Files (x86)\nodejs\node_modules\npm\npmrc
8 verbose read json E:\work\doit-socket\package.json
9 verbose read json E:\work\doit-socket\package.json
10 verbose cache add [ 'socket.io', null ]
11 silly cache add name=undefined spec="socket.io" args=["socket.io",null]
12 verbose parsed url { pathname: 'socket.io', path: 'socket.io', href: 'socket.io' }
13 silly lockFile 71475bfd-socket-io socket.io
14 verbose lock socket.io C:\Users\ainu\AppData\Roaming\npm-cache\71475bfd-socket-io.lock
15 silly lockFile 71475bfd-socket-io socket.io
16 verbose addNamed [ 'socket.io', '' ]
17 verbose addNamed [ null, '' ]
18 silly lockFile c03de861-socket-io socket.io@
19 verbose lock socket.io@ C:\Users\ainu\AppData\Roaming\npm-cache\c03de861-socket-io.lock
20 silly addNameRange { name: 'socket.io', range: '', hasData: false }
21 verbose url raw socket.io
22 verbose url resolving [ 'https://registry.npmjs.org/', './socket.io' ]
23 verbose url resolved https://registry.npmjs.org/socket.io
24 info retry registry request attempt 1 at 14:12:16
25 http GET https://registry.npmjs.org/socket.io
26 info retry will retry, error on last attempt: Error: SSL Error: SELF_SIGNED_CERT_IN_CHAIN
27 info retry registry request attempt 2 at 14:12:27
28 http GET https://registry.npmjs.org/socket.io
29 info retry will retry, error on last attempt: Error: SSL Error: SELF_SIGNED_CERT_IN_CHAIN
30 info retry registry request attempt 3 at 14:13:27
31 http GET https://registry.npmjs.org/socket.io
32 silly lockFile c03de861-socket-io socket.io@
33 error Error: SSL Error: SELF_SIGNED_CERT_IN_CHAIN
33 error     at ClientRequest.<anonymous> (C:\Program Files (x86)\nodejs\node_modules\npm\node_modules\request\main.js:440:26)
33 error     at ClientRequest.g (events.js:156:14)
33 error     at ClientRequest.emit (events.js:67:17)
33 error     at HTTPParser.parserOnIncomingClient [as onIncoming] (http.js:1256:7)
33 error     at HTTPParser.parserOnHeadersComplete [as onHeadersComplete] (http.js:91:29)
33 error     at CleartextStream.socketOnData [as ondata] (http.js:1288:20)
33 error     at CleartextStream._push (tls.js:375:27)
33 error     at SecurePair.cycle (tls.js:734:20)
33 error     at EncryptedStream.write (tls.js:130:13)
33 error     at Socket.ondata (stream.js:38:26)
33 error  [Error: SSL Error: SELF_SIGNED_CERT_IN_CHAIN]
34 error You may report this log at:
34 error     <http://github.com/isaacs/npm/issues>
34 error or email it to:
34 error     <npm-@googlegroups.com>
35 error System Windows_NT 6.2.9200
36 error command "C:\\Program Files (x86)\\nodejs\\\\node.exe" "C:\\Program Files (x86)\\nodejs\\node_modules\\npm\\bin\\npm-cli.js" "install" "socket.io" "-save"
37 error cwd E:\work\doit-socket
38 error node -v v0.6.20
39 error npm -v 1.1.37
40 error message SSL Error: SELF_SIGNED_CERT_IN_CHAIN
41 verbose exit [ 1, true ]
